  [4;36;1mSQL (27.6ms)[0m   [0;1mSET NAMES 'utf8'[0m
  [4;35;1mSQL (0.1ms)[0m   [0mSET SQL_AUTO_IS_NULL=0[0m
  [4;36;1mSQL (47.5ms)[0m   [0;1mSHOW TABLES[0m
  [4;35;1mSQL (881.9ms)[0m   [0mCREATE TABLE `schema_migrations` (`version` varchar(255) NOT NULL) ENGINE=InnoDB[0m
  [4;36;1mSQL (65.1ms)[0m   [0;1mSHOW KEYS FROM `schema_migrations`[0m
  [4;35;1mSQL (704.5ms)[0m   [0mCREATE UNIQUE INDEX `unique_schema_migrations` ON `schema_migrations` (`version`)[0m
  [4;36;1mSQL (0.4ms)[0m   [0;1mSHOW TABLES[0m
  [4;35;1mSQL (118.9ms)[0m   [0mSELECT version FROM schema_migrations[0m
Migrating to CreateUsers (20140225191624)
  [4;36;1mSQL (13.3ms)[0m   [0;1mSHOW TABLES[0m
  [4;35;1mSQL (170.9ms)[0m   [0mCREATE TABLE `users` (`id` int(11) DEFAULT NULL auto_increment PRIMARY KEY, `login` varchar(40), `name` varchar(100) DEFAULT '', `email` varchar(100), `crypted_password` varchar(40), `salt` varchar(40), `created_at` datetime, `updated_at` datetime, `remember_token` varchar(40), `remember_token_expires_at` datetime, `activation_code` varchar(40), `activated_at` datetime) ENGINE=InnoDB[0m
  [4;36;1mSQL (0.4ms)[0m   [0;1mSHOW KEYS FROM `users`[0m
  [4;35;1mSQL (468.8ms)[0m   [0mCREATE UNIQUE INDEX `index_users_on_login` ON `users` (`login`)[0m
  [4;36;1mSQL (41.4ms)[0m   [0;1mINSERT INTO schema_migrations (version) VALUES ('20140225191624')[0m
  [4;35;1mSQL (0.3ms)[0m   [0mSHOW TABLES[0m
  [4;36;1mSQL (0.2ms)[0m   [0;1mSELECT version FROM schema_migrations[0m
  [4;35;1mSQL (19.0ms)[0m   [0mSHOW TABLES[0m
  [4;36;1mSQL (47.4ms)[0m   [0;1mSHOW FIELDS FROM `users`[0m
  [4;35;1mSQL (0.7ms)[0m   [0mdescribe `users`[0m
  [4;36;1mSQL (0.2ms)[0m   [0;1mSHOW KEYS FROM `users`[0m
  [4;36;1mSQL (0.1ms)[0m   [0;1mSET NAMES 'utf8'[0m
  [4;35;1mSQL (0.1ms)[0m   [0mSET SQL_AUTO_IS_NULL=0[0m
  [4;36;1mSQL (0.3ms)[0m   [0;1mSHOW TABLES[0m
  [4;35;1mSQL (0.1ms)[0m   [0mSELECT version FROM schema_migrations[0m
Migrating to CreateUsers (20140225191624)
  [4;36;1mSQL (0.2ms)[0m   [0;1mSHOW TABLES[0m
  [4;35;1mSQL (0.1ms)[0m   [0mSELECT version FROM schema_migrations[0m
  [4;36;1mSQL (15.9ms)[0m   [0;1mSHOW TABLES[0m
  [4;35;1mSQL (1.0ms)[0m   [0mSHOW FIELDS FROM `users`[0m
  [4;36;1mSQL (0.9ms)[0m   [0;1mdescribe `users`[0m
  [4;35;1mSQL (0.3ms)[0m   [0mSHOW KEYS FROM `users`[0m
  [4;36;1mSQL (0.1ms)[0m   [0;1mSET NAMES 'utf8'[0m
  [4;35;1mSQL (0.1ms)[0m   [0mSET SQL_AUTO_IS_NULL=0[0m
  [4;36;1mSQL (0.3ms)[0m   [0;1mSHOW TABLES[0m
  [4;35;1mSQL (0.1ms)[0m   [0mSELECT version FROM schema_migrations[0m
Migrating to CreateUsers (20140225191624)
  [4;36;1mSQL (0.3ms)[0m   [0;1mSHOW TABLES[0m
  [4;35;1mSQL (16.0ms)[0m   [0mSELECT version FROM schema_migrations[0m
  [4;36;1mSQL (7.1ms)[0m   [0;1mSHOW TABLES[0m
  [4;35;1mSQL (0.7ms)[0m   [0mSHOW FIELDS FROM `users`[0m
  [4;36;1mSQL (0.6ms)[0m   [0;1mdescribe `users`[0m
  [4;35;1mSQL (26.2ms)[0m   [0mSHOW KEYS FROM `users`[0m
  [4;36;1mSQL (0.1ms)[0m   [0;1mSET NAMES 'utf8'[0m
  [4;35;1mSQL (0.1ms)[0m   [0mSET SQL_AUTO_IS_NULL=0[0m
  [4;36;1mSQL (0.2ms)[0m   [0;1mSHOW TABLES[0m
  [4;35;1mSQL (0.1ms)[0m   [0mSELECT version FROM schema_migrations[0m
Migrating to CreateUsers (20140225191624)
  [4;36;1mSQL (0.2ms)[0m   [0;1mSHOW TABLES[0m
  [4;35;1mSQL (0.1ms)[0m   [0mSELECT version FROM schema_migrations[0m
  [4;36;1mSQL (0.2ms)[0m   [0;1mSHOW TABLES[0m
  [4;35;1mSQL (0.6ms)[0m   [0mSHOW FIELDS FROM `users`[0m
  [4;36;1mSQL (0.6ms)[0m   [0;1mdescribe `users`[0m
  [4;35;1mSQL (0.3ms)[0m   [0mSHOW KEYS FROM `users`[0m
  [4;36;1mSQL (0.1ms)[0m   [0;1mSET NAMES 'utf8'[0m
  [4;35;1mSQL (0.1ms)[0m   [0mSET SQL_AUTO_IS_NULL=0[0m
  [4;36;1mSQL (0.2ms)[0m   [0;1mSHOW TABLES[0m
  [4;35;1mSQL (0.1ms)[0m   [0mSELECT version FROM schema_migrations[0m
  [4;36;1mSQL (0.1ms)[0m   [0;1mSHOW TABLES[0m
  [4;35;1mSQL (0.1ms)[0m   [0mSELECT version FROM schema_migrations[0m
  [4;36;1mSQL (0.1ms)[0m   [0;1mSHOW TABLES[0m
  [4;35;1mSQL (0.1ms)[0m   [0mSELECT version FROM schema_migrations[0m
Migrating to CreateUsers (20140225191624)
  [4;36;1mSQL (121.9ms)[0m   [0;1mDROP TABLE `users`[0m
  [4;35;1mSQL (158.4ms)[0m   [0mDELETE FROM schema_migrations WHERE version = '20140225191624'[0m
  [4;36;1mSQL (18.8ms)[0m   [0;1mSHOW TABLES[0m
  [4;35;1mSQL (0.2ms)[0m   [0mSELECT version FROM schema_migrations[0m
  [4;36;1mSQL (0.2ms)[0m   [0;1mSHOW TABLES[0m
  [4;36;1mSQL (0.1ms)[0m   [0;1mSET NAMES 'utf8'[0m
  [4;35;1mSQL (0.1ms)[0m   [0mSET SQL_AUTO_IS_NULL=0[0m
  [4;36;1mSQL (0.2ms)[0m   [0;1mSHOW TABLES[0m
  [4;35;1mSQL (0.1ms)[0m   [0mSELECT version FROM schema_migrations[0m
Migrating to CreateUsers (20140225191624)
  [4;36;1mSQL (0.2ms)[0m   [0;1mSHOW TABLES[0m
  [4;35;1mSQL (212.1ms)[0m   [0mCREATE TABLE `users` (`id` int(11) DEFAULT NULL auto_increment PRIMARY KEY, `login` varchar(40), `name` varchar(100) DEFAULT '', `email` varchar(100), `crypted_password` varchar(40), `salt` varchar(40), `created_at` datetime, `updated_at` datetime, `remember_token` varchar(40), `remember_token_expires_at` datetime, `activation_code` varchar(40), `activated_at` datetime) ENGINE=InnoDB[0m
  [4;36;1mSQL (0.4ms)[0m   [0;1mSHOW KEYS FROM `users`[0m
  [4;35;1mSQL (442.7ms)[0m   [0mCREATE UNIQUE INDEX `index_users_on_login` ON `users` (`login`)[0m
  [4;36;1mSQL (41.5ms)[0m   [0;1mINSERT INTO schema_migrations (version) VALUES ('20140225191624')[0m
  [4;35;1mSQL (16.2ms)[0m   [0mSHOW TABLES[0m
  [4;36;1mSQL (0.2ms)[0m   [0;1mSELECT version FROM schema_migrations[0m
  [4;35;1mSQL (0.2ms)[0m   [0mSHOW TABLES[0m
  [4;36;1mSQL (0.9ms)[0m   [0;1mSHOW FIELDS FROM `users`[0m
  [4;35;1mSQL (0.7ms)[0m   [0mdescribe `users`[0m
  [4;36;1mSQL (0.2ms)[0m   [0;1mSHOW KEYS FROM `users`[0m
  [4;36;1mSQL (0.1ms)[0m   [0;1mSET NAMES 'utf8'[0m
  [4;35;1mSQL (0.1ms)[0m   [0mSET SQL_AUTO_IS_NULL=0[0m
  [4;36;1mSQL (0.2ms)[0m   [0;1mSHOW TABLES[0m
  [4;35;1mSQL (0.1ms)[0m   [0mSELECT version FROM schema_migrations[0m
Migrating to CreateUsers (20140225191624)
Migrating to CreateRoles (20140225192743)
  [4;36;1mSQL (153.9ms)[0m   [0;1mCREATE TABLE `roles` (`id` int(11) DEFAULT NULL auto_increment PRIMARY KEY, `name` varchar(255)) ENGINE=InnoDB[0m
  [4;35;1mSQL (183.8ms)[0m   [0mCREATE TABLE `roles_users` (`role_id` int(11), `user_id` int(11)) ENGINE=InnoDB[0m
  [4;36;1mSQL (0.4ms)[0m   [0;1mSHOW KEYS FROM `roles_users`[0m
  [4;35;1mSQL (559.9ms)[0m   [0mCREATE INDEX `index_roles_users_on_role_id` ON `roles_users` (`role_id`)[0m
  [4;36;1mSQL (0.4ms)[0m   [0;1mSHOW KEYS FROM `roles_users`[0m
  [4;35;1mSQL (447.6ms)[0m   [0mCREATE INDEX `index_roles_users_on_user_id` ON `roles_users` (`user_id`)[0m
  [4;36;1mSQL (95.2ms)[0m   [0;1mINSERT INTO schema_migrations (version) VALUES ('20140225192743')[0m
  [4;35;1mSQL (0.4ms)[0m   [0mSHOW TABLES[0m
  [4;36;1mSQL (0.2ms)[0m   [0;1mSELECT version FROM schema_migrations[0m
  [4;35;1mSQL (0.2ms)[0m   [0mSHOW TABLES[0m
  [4;36;1mSQL (21.8ms)[0m   [0;1mSHOW FIELDS FROM `roles`[0m
  [4;35;1mSQL (0.4ms)[0m   [0mdescribe `roles`[0m
  [4;36;1mSQL (0.2ms)[0m   [0;1mSHOW KEYS FROM `roles`[0m
  [4;35;1mSQL (0.5ms)[0m   [0mSHOW FIELDS FROM `roles_users`[0m
  [4;36;1mSQL (0.4ms)[0m   [0;1mdescribe `roles_users`[0m
  [4;35;1mSQL (0.2ms)[0m   [0mSHOW KEYS FROM `roles_users`[0m
  [4;36;1mSQL (0.6ms)[0m   [0;1mSHOW FIELDS FROM `users`[0m
  [4;35;1mSQL (0.8ms)[0m   [0mdescribe `users`[0m
  [4;36;1mSQL (0.2ms)[0m   [0;1mSHOW KEYS FROM `users`[0m
